<testsuites id="" name="" tests="90" failures="55" skipped="35" errors="0" time="101.19377300000001">
<testsuite name="admin.spec.ts" timestamp="2025-08-13T13:04:24.933Z" hostname="chromium" tests="7" failures="0" skipped="7" time="0" errors="0">
<testcase name="Admin Control Center › should access YouTune Admin Control Center" classname="admin.spec.ts" time="0">
<properties>
<property name="skip" value="Admin credentials not provided">
</property>
</properties>
<skipped>
</skipped>
</testcase>
<testcase name="Admin Control Center › should have all control cards" classname="admin.spec.ts" time="0">
<properties>
<property name="skip" value="Admin credentials not provided">
</property>
</properties>
<skipped>
</skipped>
</testcase>
<testcase name="Admin Control Center › should execute admin actions" classname="admin.spec.ts" time="0">
<properties>
<property name="skip" value="Admin credentials not provided">
</property>
</properties>
<skipped>
</skipped>
</testcase>
<testcase name="Custom Post Types Admin › should have Games CPT in admin menu" classname="admin.spec.ts" time="0">
<properties>
<property name="skip" value="Admin credentials not provided">
</property>
</properties>
<skipped>
</skipped>
</testcase>
<testcase name="Custom Post Types Admin › should have Streams CPT in admin menu" classname="admin.spec.ts" time="0">
<properties>
<property name="skip" value="Admin credentials not provided">
</property>
</properties>
<skipped>
</skipped>
</testcase>
<testcase name="Custom Post Types Admin › should have Avatars CPT in admin menu" classname="admin.spec.ts" time="0">
<properties>
<property name="skip" value="Admin credentials not provided">
</property>
</properties>
<skipped>
</skipped>
</testcase>
<testcase name="Custom Post Types Admin › should create new game post" classname="admin.spec.ts" time="0">
<properties>
<property name="skip" value="Admin credentials not provided">
</property>
</properties>
<skipped>
</skipped>
</testcase>
</testsuite>
<testsuite name="functionality.spec.ts" timestamp="2025-08-13T13:04:24.933Z" hostname="chromium" tests="5" failures="5" skipped="0" time="0.062" errors="0">
<testcase name="WooCommerce Integration › should navigate to shop page" classname="functionality.spec.ts" time="0.016">
<failure message="functionality.spec.ts:4:7 should navigate to shop page" type="FAILURE">
<![CDATA[  [chromium] › functionality.spec.ts:4:7 › WooCommerce Integration › should navigate to shop page ──

    Error: browserType.launch: Executable doesn't exist at /home/runner/.cache/ms-playwright/chromium_headless_shell-1181/chrome-linux/headless_shell
    ╔═════════════════════════════════════════════════════════════════════════╗
    ║ Looks like Playwright Test or Playwright was just installed or updated. ║
    ║ Please run the following command to download new browsers:              ║
    ║                                                                         ║
    ║     npx playwright install                                              ║
    ║                                                                         ║
    ║ <3 Playwright Team                                                      ║
    ╚═════════════════════════════════════════════════════════════════════════╝

    Retry #1 ───────────────────────────────────────────────────────────────────────────────────────

    Error: browserType.launch: Executable doesn't exist at /home/runner/.cache/ms-playwright/chromium_headless_shell-1181/chrome-linux/headless_shell
    ╔═════════════════════════════════════════════════════════════════════════╗
    ║ Looks like Playwright Test or Playwright was just installed or updated. ║
    ║ Please run the following command to download new browsers:              ║
    ║                                                                         ║
    ║     npx playwright install                                              ║
    ║                                                                         ║
    ║ <3 Playwright Team                                                      ║
    ╚═════════════════════════════════════════════════════════════════════════╝

    attachment #1: trace (application/zip) ─────────────────────────────────────────────────────────
    ../../test-results/functionality-WooCommerce--cd5a1-hould-navigate-to-shop-page-chromium-retry1/trace.zip
    Usage:

        npx playwright show-trace ../../test-results/functionality-WooCommerce--cd5a1-hould-navigate-to-shop-page-chromium-retry1/trace.zip

    ────────────────────────────────────────────────────────────────────────────────────────────────

    Retry #2 ───────────────────────────────────────────────────────────────────────────────────────

    Error: browserType.launch: Executable doesn't exist at /home/runner/.cache/ms-playwright/chromium_headless_shell-1181/chrome-linux/headless_shell
    ╔═════════════════════════════════════════════════════════════════════════╗
    ║ Looks like Playwright Test or Playwright was just installed or updated. ║
    ║ Please run the following command to download new browsers:              ║
    ║                                                                         ║
    ║     npx playwright install                                              ║
    ║                                                                         ║
    ║ <3 Playwright Team                                                      ║
    ╚═════════════════════════════════════════════════════════════════════════╝
]]>
</failure>
<system-out>
<![CDATA[
[[ATTACHMENT|functionality-WooCommerce--cd5a1-hould-navigate-to-shop-page-chromium-retry1/trace.zip]]
]]>
</system-out>
</testcase>
<testcase name="WooCommerce Integration › should display product grid" classname="functionality.spec.ts" time="0.011">
<failure message="functionality.spec.ts:15:7 should display product grid" type="FAILURE">
<![CDATA[  [chromium] › functionality.spec.ts:15:7 › WooCommerce Integration › should display product grid ──

    Error: browserType.launch: Executable doesn't exist at /home/runner/.cache/ms-playwright/chromium_headless_shell-1181/chrome-linux/headless_shell
    ╔═════════════════════════════════════════════════════════════════════════╗
    ║ Looks like Playwright Test or Playwright was just installed or updated. ║
    ║ Please run the following command to download new browsers:              ║
    ║                                                                         ║
    ║     npx playwright install                                              ║
    ║                                                                         ║
    ║ <3 Playwright Team                                                      ║
    ╚═════════════════════════════════════════════════════════════════════════╝

    Retry #1 ───────────────────────────────────────────────────────────────────────────────────────

    Error: browserType.launch: Executable doesn't exist at /home/runner/.cache/ms-playwright/chromium_headless_shell-1181/chrome-linux/headless_shell
    ╔═════════════════════════════════════════════════════════════════════════╗
    ║ Looks like Playwright Test or Playwright was just installed or updated. ║
    ║ Please run the following command to download new browsers:              ║
    ║                                                                         ║
    ║     npx playwright install                                              ║
    ║                                                                         ║
    ║ <3 Playwright Team                                                      ║
    ╚═════════════════════════════════════════════════════════════════════════╝

    attachment #1: trace (application/zip) ─────────────────────────────────────────────────────────
    ../../test-results/functionality-WooCommerce--6bc70-should-display-product-grid-chromium-retry1/trace.zip
    Usage:

        npx playwright show-trace ../../test-results/functionality-WooCommerce--6bc70-should-display-product-grid-chromium-retry1/trace.zip

    ────────────────────────────────────────────────────────────────────────────────────────────────

    Retry #2 ───────────────────────────────────────────────────────────────────────────────────────

    Error: browserType.launch: Executable doesn't exist at /home/runner/.cache/ms-playwright/chromium_headless_shell-1181/chrome-linux/headless_shell
    ╔═════════════════════════════════════════════════════════════════════════╗
    ║ Looks like Playwright Test or Playwright was just installed or updated. ║
    ║ Please run the following command to download new browsers:              ║
    ║                                                                         ║
    ║     npx playwright install                                              ║
    ║                                                                         ║
    ║ <3 Playwright Team                                                      ║
    ╚═════════════════════════════════════════════════════════════════════════╝
]]>
</failure>
<system-out>
<![CDATA[
[[ATTACHMENT|functionality-WooCommerce--6bc70-should-display-product-grid-chromium-retry1/trace.zip]]
]]>
</system-out>
</testcase>
<testcase name="Custom Post Types › should access games archive" classname="functionality.spec.ts" time="0.012">
<failure message="functionality.spec.ts:25:7 should access games archive" type="FAILURE">
<![CDATA[  [chromium] › functionality.spec.ts:25:7 › Custom Post Types › should access games archive ────────

    Error: browserType.launch: Executable doesn't exist at /home/runner/.cache/ms-playwright/chromium_headless_shell-1181/chrome-linux/headless_shell
    ╔═════════════════════════════════════════════════════════════════════════╗
    ║ Looks like Playwright Test or Playwright was just installed or updated. ║
    ║ Please run the following command to download new browsers:              ║
    ║                                                                         ║
    ║     npx playwright install                                              ║
    ║                                                                         ║
    ║ <3 Playwright Team                                                      ║
    ╚═════════════════════════════════════════════════════════════════════════╝

    Retry #1 ───────────────────────────────────────────────────────────────────────────────────────

    Error: browserType.launch: Executable doesn't exist at /home/runner/.cache/ms-playwright/chromium_headless_shell-1181/chrome-linux/headless_shell
    ╔═════════════════════════════════════════════════════════════════════════╗
    ║ Looks like Playwright Test or Playwright was just installed or updated. ║
    ║ Please run the following command to download new browsers:              ║
    ║                                                                         ║
    ║     npx playwright install                                              ║
    ║                                                                         ║
    ║ <3 Playwright Team                                                      ║
    ╚═════════════════════════════════════════════════════════════════════════╝

    attachment #1: trace (application/zip) ─────────────────────────────────────────────────────────
    ../../test-results/functionality-Custom-Post-Types-should-access-games-archive-chromium-retry1/trace.zip
    Usage:

        npx playwright show-trace ../../test-results/functionality-Custom-Post-Types-should-access-games-archive-chromium-retry1/trace.zip

    ────────────────────────────────────────────────────────────────────────────────────────────────

    Retry #2 ───────────────────────────────────────────────────────────────────────────────────────

    Error: browserType.launch: Executable doesn't exist at /home/runner/.cache/ms-playwright/chromium_headless_shell-1181/chrome-linux/headless_shell
    ╔═════════════════════════════════════════════════════════════════════════╗
    ║ Looks like Playwright Test or Playwright was just installed or updated. ║
    ║ Please run the following command to download new browsers:              ║
    ║                                                                         ║
    ║     npx playwright install                                              ║
    ║                                                                         ║
    ║ <3 Playwright Team                                                      ║
    ╚═════════════════════════════════════════════════════════════════════════╝
]]>
</failure>
<system-out>
<![CDATA[
[[ATTACHMENT|functionality-Custom-Post-Types-should-access-games-archive-chromium-retry1/trace.zip]]
]]>
</system-out>
</testcase>
<testcase name="Custom Post Types › should access VR room page" classname="functionality.spec.ts" time="0.011">
<failure message="functionality.spec.ts:36:7 should access VR room page" type="FAILURE">
<![CDATA[  [chromium] › functionality.spec.ts:36:7 › Custom Post Types › should access VR room page ─────────

    Error: browserType.launch: Executable doesn't exist at /home/runner/.cache/ms-playwright/chromium_headless_shell-1181/chrome-linux/headless_shell
    ╔═════════════════════════════════════════════════════════════════════════╗
    ║ Looks like Playwright Test or Playwright was just installed or updated. ║
    ║ Please run the following command to download new browsers:              ║
    ║                                                                         ║
    ║     npx playwright install                                              ║
    ║                                                                         ║
    ║ <3 Playwright Team                                                      ║
    ╚═════════════════════════════════════════════════════════════════════════╝

    Retry #1 ───────────────────────────────────────────────────────────────────────────────────────

    Error: browserType.launch: Executable doesn't exist at /home/runner/.cache/ms-playwright/chromium_headless_shell-1181/chrome-linux/headless_shell
    ╔═════════════════════════════════════════════════════════════════════════╗
    ║ Looks like Playwright Test or Playwright was just installed or updated. ║
    ║ Please run the following command to download new browsers:              ║
    ║                                                                         ║
    ║     npx playwright install                                              ║
    ║                                                                         ║
    ║ <3 Playwright Team                                                      ║
    ╚═════════════════════════════════════════════════════════════════════════╝

    attachment #1: trace (application/zip) ─────────────────────────────────────────────────────────
    ../../test-results/functionality-Custom-Post-Types-should-access-VR-room-page-chromium-retry1/trace.zip
    Usage:

        npx playwright show-trace ../../test-results/functionality-Custom-Post-Types-should-access-VR-room-page-chromium-retry1/trace.zip

    ────────────────────────────────────────────────────────────────────────────────────────────────

    Retry #2 ───────────────────────────────────────────────────────────────────────────────────────

    Error: browserType.launch: Executable doesn't exist at /home/runner/.cache/ms-playwright/chromium_headless_shell-1181/chrome-linux/headless_shell
    ╔═════════════════════════════════════════════════════════════════════════╗
    ║ Looks like Playwright Test or Playwright was just installed or updated. ║
    ║ Please run the following command to download new browsers:              ║
    ║                                                                         ║
    ║     npx playwright install                                              ║
    ║                                                                         ║
    ║ <3 Playwright Team                                                      ║
    ╚═════════════════════════════════════════════════════════════════════════╝
]]>
</failure>
<system-out>
<![CDATA[
[[ATTACHMENT|functionality-Custom-Post-Types-should-access-VR-room-page-chromium-retry1/trace.zip]]
]]>
</system-out>
</testcase>
<testcase name="Custom Post Types › should access YouTune Garage" classname="functionality.spec.ts" time="0.012">
<failure message="functionality.spec.ts:47:7 should access YouTune Garage" type="FAILURE">
<![CDATA[  [chromium] › functionality.spec.ts:47:7 › Custom Post Types › should access YouTune Garage ───────

    Error: browserType.launch: Executable doesn't exist at /home/runner/.cache/ms-playwright/chromium_headless_shell-1181/chrome-linux/headless_shell
    ╔═════════════════════════════════════════════════════════════════════════╗
    ║ Looks like Playwright Test or Playwright was just installed or updated. ║
    ║ Please run the following command to download new browsers:              ║
    ║                                                                         ║
    ║     npx playwright install                                              ║
    ║                                                                         ║
    ║ <3 Playwright Team                                                      ║
    ╚═════════════════════════════════════════════════════════════════════════╝

    Retry #1 ───────────────────────────────────────────────────────────────────────────────────────

    Error: browserType.launch: Executable doesn't exist at /home/runner/.cache/ms-playwright/chromium_headless_shell-1181/chrome-linux/headless_shell
    ╔═════════════════════════════════════════════════════════════════════════╗
    ║ Looks like Playwright Test or Playwright was just installed or updated. ║
    ║ Please run the following command to download new browsers:              ║
    ║                                                                         ║
    ║     npx playwright install                                              ║
    ║                                                                         ║
    ║ <3 Playwright Team                                                      ║
    ╚═════════════════════════════════════════════════════════════════════════╝

    attachment #1: trace (application/zip) ─────────────────────────────────────────────────────────
    ../../test-results/functionality-Custom-Post-Types-should-access-YouTune-Garage-chromium-retry1/trace.zip
    Usage:

        npx playwright show-trace ../../test-results/functionality-Custom-Post-Types-should-access-YouTune-Garage-chromium-retry1/trace.zip

    ────────────────────────────────────────────────────────────────────────────────────────────────

    Retry #2 ───────────────────────────────────────────────────────────────────────────────────────

    Error: browserType.launch: Executable doesn't exist at /home/runner/.cache/ms-playwright/chromium_headless_shell-1181/chrome-linux/headless_shell
    ╔═════════════════════════════════════════════════════════════════════════╗
    ║ Looks like Playwright Test or Playwright was just installed or updated. ║
    ║ Please run the following command to download new browsers:              ║
    ║                                                                         ║
    ║     npx playwright install                                              ║
    ║                                                                         ║
    ║ <3 Playwright Team                                                      ║
    ╚═════════════════════════════════════════════════════════════════════════╝
]]>
</failure>
<system-out>
<![CDATA[
[[ATTACHMENT|functionality-Custom-Post-Types-should-access-YouTune-Garage-chromium-retry1/trace.zip]]
]]>
</system-out>
</testcase>
</testsuite>
<testsuite name="homepage.spec.ts" timestamp="2025-08-13T13:04:24.933Z" hostname="chromium" tests="6" failures="6" skipped="0" time="0.065" errors="0">
<testcase name="YouTuneAI Homepage › should load homepage successfully" classname="homepage.spec.ts" time="0.011">
<failure message="homepage.spec.ts:4:7 should load homepage successfully" type="FAILURE">
<![CDATA[  [chromium] › homepage.spec.ts:4:7 › YouTuneAI Homepage › should load homepage successfully ───────

    Error: browserType.launch: Executable doesn't exist at /home/runner/.cache/ms-playwright/chromium_headless_shell-1181/chrome-linux/headless_shell
    ╔═════════════════════════════════════════════════════════════════════════╗
    ║ Looks like Playwright Test or Playwright was just installed or updated. ║
    ║ Please run the following command to download new browsers:              ║
    ║                                                                         ║
    ║     npx playwright install                                              ║
    ║                                                                         ║
    ║ <3 Playwright Team                                                      ║
    ╚═════════════════════════════════════════════════════════════════════════╝

    Retry #1 ───────────────────────────────────────────────────────────────────────────────────────

    Error: browserType.launch: Executable doesn't exist at /home/runner/.cache/ms-playwright/chromium_headless_shell-1181/chrome-linux/headless_shell
    ╔═════════════════════════════════════════════════════════════════════════╗
    ║ Looks like Playwright Test or Playwright was just installed or updated. ║
    ║ Please run the following command to download new browsers:              ║
    ║                                                                         ║
    ║     npx playwright install                                              ║
    ║                                                                         ║
    ║ <3 Playwright Team                                                      ║
    ╚═════════════════════════════════════════════════════════════════════════╝

    attachment #1: trace (application/zip) ─────────────────────────────────────────────────────────
    ../../test-results/homepage-YouTuneAI-Homepag-d7ea7--load-homepage-successfully-chromium-retry1/trace.zip
    Usage:

        npx playwright show-trace ../../test-results/homepage-YouTuneAI-Homepag-d7ea7--load-homepage-successfully-chromium-retry1/trace.zip

    ────────────────────────────────────────────────────────────────────────────────────────────────

    Retry #2 ───────────────────────────────────────────────────────────────────────────────────────

    Error: browserType.launch: Executable doesn't exist at /home/runner/.cache/ms-playwright/chromium_headless_shell-1181/chrome-linux/headless_shell
    ╔═════════════════════════════════════════════════════════════════════════╗
    ║ Looks like Playwright Test or Playwright was just installed or updated. ║
    ║ Please run the following command to download new browsers:              ║
    ║                                                                         ║
    ║     npx playwright install                                              ║
    ║                                                                         ║
    ║ <3 Playwright Team                                                      ║
    ╚═════════════════════════════════════════════════════════════════════════╝
]]>
</failure>
<system-out>
<![CDATA[
[[ATTACHMENT|homepage-YouTuneAI-Homepag-d7ea7--load-homepage-successfully-chromium-retry1/trace.zip]]
]]>
</system-out>
</testcase>
<testcase name="YouTuneAI Homepage › should have working navigation menu" classname="homepage.spec.ts" time="0.011">
<failure message="homepage.spec.ts:19:7 should have working navigation menu" type="FAILURE">
<![CDATA[  [chromium] › homepage.spec.ts:19:7 › YouTuneAI Homepage › should have working navigation menu ────

    Error: browserType.launch: Executable doesn't exist at /home/runner/.cache/ms-playwright/chromium_headless_shell-1181/chrome-linux/headless_shell
    ╔═════════════════════════════════════════════════════════════════════════╗
    ║ Looks like Playwright Test or Playwright was just installed or updated. ║
    ║ Please run the following command to download new browsers:              ║
    ║                                                                         ║
    ║     npx playwright install                                              ║
    ║                                                                         ║
    ║ <3 Playwright Team                                                      ║
    ╚═════════════════════════════════════════════════════════════════════════╝

    Retry #1 ───────────────────────────────────────────────────────────────────────────────────────

    Error: browserType.launch: Executable doesn't exist at /home/runner/.cache/ms-playwright/chromium_headless_shell-1181/chrome-linux/headless_shell
    ╔═════════════════════════════════════════════════════════════════════════╗
    ║ Looks like Playwright Test or Playwright was just installed or updated. ║
    ║ Please run the following command to download new browsers:              ║
    ║                                                                         ║
    ║     npx playwright install                                              ║
    ║                                                                         ║
    ║ <3 Playwright Team                                                      ║
    ╚═════════════════════════════════════════════════════════════════════════╝

    attachment #1: trace (application/zip) ─────────────────────────────────────────────────────────
    ../../test-results/homepage-YouTuneAI-Homepag-54a51-ave-working-navigation-menu-chromium-retry1/trace.zip
    Usage:

        npx playwright show-trace ../../test-results/homepage-YouTuneAI-Homepag-54a51-ave-working-navigation-menu-chromium-retry1/trace.zip

    ────────────────────────────────────────────────────────────────────────────────────────────────

    Retry #2 ───────────────────────────────────────────────────────────────────────────────────────

    Error: browserType.launch: Executable doesn't exist at /home/runner/.cache/ms-playwright/chromium_headless_shell-1181/chrome-linux/headless_shell
    ╔═════════════════════════════════════════════════════════════════════════╗
    ║ Looks like Playwright Test or Playwright was just installed or updated. ║
    ║ Please run the following command to download new browsers:              ║
    ║                                                                         ║
    ║     npx playwright install                                              ║
    ║                                                                         ║
    ║ <3 Playwright Team                                                      ║
    ╚═════════════════════════════════════════════════════════════════════════╝
]]>
</failure>
<system-out>
<![CDATA[
[[ATTACHMENT|homepage-YouTuneAI-Homepag-54a51-ave-working-navigation-menu-chromium-retry1/trace.zip]]
]]>
</system-out>
</testcase>
<testcase name="Avatar Chat System › should display avatar chat bubble" classname="homepage.spec.ts" time="0.01">
<failure message="homepage.spec.ts:36:7 should display avatar chat bubble" type="FAILURE">
<![CDATA[  [chromium] › homepage.spec.ts:36:7 › Avatar Chat System › should display avatar chat bubble ──────

    Error: browserType.launch: Executable doesn't exist at /home/runner/.cache/ms-playwright/chromium_headless_shell-1181/chrome-linux/headless_shell
    ╔═════════════════════════════════════════════════════════════════════════╗
    ║ Looks like Playwright Test or Playwright was just installed or updated. ║
    ║ Please run the following command to download new browsers:              ║
    ║                                                                         ║
    ║     npx playwright install                                              ║
    ║                                                                         ║
    ║ <3 Playwright Team                                                      ║
    ╚═════════════════════════════════════════════════════════════════════════╝

    Retry #1 ───────────────────────────────────────────────────────────────────────────────────────

    Error: browserType.launch: Executable doesn't exist at /home/runner/.cache/ms-playwright/chromium_headless_shell-1181/chrome-linux/headless_shell
    ╔═════════════════════════════════════════════════════════════════════════╗
    ║ Looks like Playwright Test or Playwright was just installed or updated. ║
    ║ Please run the following command to download new browsers:              ║
    ║                                                                         ║
    ║     npx playwright install                                              ║
    ║                                                                         ║
    ║ <3 Playwright Team                                                      ║
    ╚═════════════════════════════════════════════════════════════════════════╝

    attachment #1: trace (application/zip) ─────────────────────────────────────────────────────────
    ../../test-results/homepage-Avatar-Chat-Syste-9a152--display-avatar-chat-bubble-chromium-retry1/trace.zip
    Usage:

        npx playwright show-trace ../../test-results/homepage-Avatar-Chat-Syste-9a152--display-avatar-chat-bubble-chromium-retry1/trace.zip

    ────────────────────────────────────────────────────────────────────────────────────────────────

    Retry #2 ───────────────────────────────────────────────────────────────────────────────────────

    Error: browserType.launch: Executable doesn't exist at /home/runner/.cache/ms-playwright/chromium_headless_shell-1181/chrome-linux/headless_shell
    ╔═════════════════════════════════════════════════════════════════════════╗
    ║ Looks like Playwright Test or Playwright was just installed or updated. ║
    ║ Please run the following command to download new browsers:              ║
    ║                                                                         ║
    ║     npx playwright install                                              ║
    ║                                                                         ║
    ║ <3 Playwright Team                                                      ║
    ╚═════════════════════════════════════════════════════════════════════════╝
]]>
</failure>
<system-out>
<![CDATA[
[[ATTACHMENT|homepage-Avatar-Chat-Syste-9a152--display-avatar-chat-bubble-chromium-retry1/trace.zip]]
]]>
</system-out>
</testcase>
<testcase name="Avatar Chat System › should open chat interface on click" classname="homepage.spec.ts" time="0.011">
<failure message="homepage.spec.ts:44:7 should open chat interface on click" type="FAILURE">
<![CDATA[  [chromium] › homepage.spec.ts:44:7 › Avatar Chat System › should open chat interface on click ────

    Error: browserType.launch: Executable doesn't exist at /home/runner/.cache/ms-playwright/chromium_headless_shell-1181/chrome-linux/headless_shell
    ╔═════════════════════════════════════════════════════════════════════════╗
    ║ Looks like Playwright Test or Playwright was just installed or updated. ║
    ║ Please run the following command to download new browsers:              ║
    ║                                                                         ║
    ║     npx playwright install                                              ║
    ║                                                                         ║
    ║ <3 Playwright Team                                                      ║
    ╚═════════════════════════════════════════════════════════════════════════╝

    Retry #1 ───────────────────────────────────────────────────────────────────────────────────────

    Error: browserType.launch: Executable doesn't exist at /home/runner/.cache/ms-playwright/chromium_headless_shell-1181/chrome-linux/headless_shell
    ╔═════════════════════════════════════════════════════════════════════════╗
    ║ Looks like Playwright Test or Playwright was just installed or updated. ║
    ║ Please run the following command to download new browsers:              ║
    ║                                                                         ║
    ║     npx playwright install                                              ║
    ║                                                                         ║
    ║ <3 Playwright Team                                                      ║
    ╚═════════════════════════════════════════════════════════════════════════╝

    attachment #1: trace (application/zip) ─────────────────────────────────────────────────────────
    ../../test-results/homepage-Avatar-Chat-Syste-82080-pen-chat-interface-on-click-chromium-retry1/trace.zip
    Usage:

        npx playwright show-trace ../../test-results/homepage-Avatar-Chat-Syste-82080-pen-chat-interface-on-click-chromium-retry1/trace.zip

    ────────────────────────────────────────────────────────────────────────────────────────────────

    Retry #2 ───────────────────────────────────────────────────────────────────────────────────────

    Error: browserType.launch: Executable doesn't exist at /home/runner/.cache/ms-playwright/chromium_headless_shell-1181/chrome-linux/headless_shell
    ╔═════════════════════════════════════════════════════════════════════════╗
    ║ Looks like Playwright Test or Playwright was just installed or updated. ║
    ║ Please run the following command to download new browsers:              ║
    ║                                                                         ║
    ║     npx playwright install                                              ║
    ║                                                                         ║
    ║ <3 Playwright Team                                                      ║
    ╚═════════════════════════════════════════════════════════════════════════╝
]]>
</failure>
<system-out>
<![CDATA[
[[ATTACHMENT|homepage-Avatar-Chat-Syste-82080-pen-chat-interface-on-click-chromium-retry1/trace.zip]]
]]>
</system-out>
</testcase>
<testcase name="Performance › should meet basic performance requirements" classname="homepage.spec.ts" time="0.011">
<failure message="homepage.spec.ts:64:7 should meet basic performance requirements" type="FAILURE">
<![CDATA[  [chromium] › homepage.spec.ts:64:7 › Performance › should meet basic performance requirements ────

    Error: browserType.launch: Executable doesn't exist at /home/runner/.cache/ms-playwright/chromium_headless_shell-1181/chrome-linux/headless_shell
    ╔═════════════════════════════════════════════════════════════════════════╗
    ║ Looks like Playwright Test or Playwright was just installed or updated. ║
    ║ Please run the following command to download new browsers:              ║
    ║                                                                         ║
    ║     npx playwright install                                              ║
    ║                                                                         ║
    ║ <3 Playwright Team                                                      ║
    ╚═════════════════════════════════════════════════════════════════════════╝

    Retry #1 ───────────────────────────────────────────────────────────────────────────────────────

    Error: browserType.launch: Executable doesn't exist at /home/runner/.cache/ms-playwright/chromium_headless_shell-1181/chrome-linux/headless_shell
    ╔═════════════════════════════════════════════════════════════════════════╗
    ║ Looks like Playwright Test or Playwright was just installed or updated. ║
    ║ Please run the following command to download new browsers:              ║
    ║                                                                         ║
    ║     npx playwright install                                              ║
    ║                                                                         ║
    ║ <3 Playwright Team                                                      ║
    ╚═════════════════════════════════════════════════════════════════════════╝

    attachment #1: trace (application/zip) ─────────────────────────────────────────────────────────
    ../../test-results/homepage-Performance-shoul-a6401-ic-performance-requirements-chromium-retry1/trace.zip
    Usage:

        npx playwright show-trace ../../test-results/homepage-Performance-shoul-a6401-ic-performance-requirements-chromium-retry1/trace.zip

    ────────────────────────────────────────────────────────────────────────────────────────────────

    Retry #2 ───────────────────────────────────────────────────────────────────────────────────────

    Error: browserType.launch: Executable doesn't exist at /home/runner/.cache/ms-playwright/chromium_headless_shell-1181/chrome-linux/headless_shell
    ╔═════════════════════════════════════════════════════════════════════════╗
    ║ Looks like Playwright Test or Playwright was just installed or updated. ║
    ║ Please run the following command to download new browsers:              ║
    ║                                                                         ║
    ║     npx playwright install                                              ║
    ║                                                                         ║
    ║ <3 Playwright Team                                                      ║
    ╚═════════════════════════════════════════════════════════════════════════╝
]]>
</failure>
<system-out>
<![CDATA[
[[ATTACHMENT|homepage-Performance-shoul-a6401-ic-performance-requirements-chromium-retry1/trace.zip]]
]]>
</system-out>
</testcase>
<testcase name="Performance › should not have console errors" classname="homepage.spec.ts" time="0.011">
<failure message="homepage.spec.ts:80:7 should not have console errors" type="FAILURE">
<![CDATA[  [chromium] › homepage.spec.ts:80:7 › Performance › should not have console errors ────────────────

    Error: browserType.launch: Executable doesn't exist at /home/runner/.cache/ms-playwright/chromium_headless_shell-1181/chrome-linux/headless_shell
    ╔═════════════════════════════════════════════════════════════════════════╗
    ║ Looks like Playwright Test or Playwright was just installed or updated. ║
    ║ Please run the following command to download new browsers:              ║
    ║                                                                         ║
    ║     npx playwright install                                              ║
    ║                                                                         ║
    ║ <3 Playwright Team                                                      ║
    ╚═════════════════════════════════════════════════════════════════════════╝

    Retry #1 ───────────────────────────────────────────────────────────────────────────────────────

    Error: browserType.launch: Executable doesn't exist at /home/runner/.cache/ms-playwright/chromium_headless_shell-1181/chrome-linux/headless_shell
    ╔═════════════════════════════════════════════════════════════════════════╗
    ║ Looks like Playwright Test or Playwright was just installed or updated. ║
    ║ Please run the following command to download new browsers:              ║
    ║                                                                         ║
    ║     npx playwright install                                              ║
    ║                                                                         ║
    ║ <3 Playwright Team                                                      ║
    ╚═════════════════════════════════════════════════════════════════════════╝

    attachment #1: trace (application/zip) ─────────────────────────────────────────────────────────
    ../../test-results/homepage-Performance-should-not-have-console-errors-chromium-retry1/trace.zip
    Usage:

        npx playwright show-trace ../../test-results/homepage-Performance-should-not-have-console-errors-chromium-retry1/trace.zip

    ────────────────────────────────────────────────────────────────────────────────────────────────

    Retry #2 ───────────────────────────────────────────────────────────────────────────────────────

    Error: browserType.launch: Executable doesn't exist at /home/runner/.cache/ms-playwright/chromium_headless_shell-1181/chrome-linux/headless_shell
    ╔═════════════════════════════════════════════════════════════════════════╗
    ║ Looks like Playwright Test or Playwright was just installed or updated. ║
    ║ Please run the following command to download new browsers:              ║
    ║                                                                         ║
    ║     npx playwright install                                              ║
    ║                                                                         ║
    ║ <3 Playwright Team                                                      ║
    ╚═════════════════════════════════════════════════════════════════════════╝
]]>
</failure>
<system-out>
<![CDATA[
[[ATTACHMENT|homepage-Performance-should-not-have-console-errors-chromium-retry1/trace.zip]]
]]>
</system-out>
</testcase>
</testsuite>
<testsuite name="admin.spec.ts" timestamp="2025-08-13T13:04:24.933Z" hostname="firefox" tests="7" failures="0" skipped="7" time="0" errors="0">
<testcase name="Admin Control Center › should access YouTune Admin Control Center" classname="admin.spec.ts" time="0">
<properties>
<property name="skip" value="Admin credentials not provided">
</property>
</properties>
<skipped>
</skipped>
</testcase>
<testcase name="Admin Control Center › should have all control cards" classname="admin.spec.ts" time="0">
<properties>
<property name="skip" value="Admin credentials not provided">
</property>
</properties>
<skipped>
</skipped>
</testcase>
<testcase name="Admin Control Center › should execute admin actions" classname="admin.spec.ts" time="0">
<properties>
<property name="skip" value="Admin credentials not provided">
</property>
</properties>
<skipped>
</skipped>
</testcase>
<testcase name="Custom Post Types Admin › should have Games CPT in admin menu" classname="admin.spec.ts" time="0">
<properties>
<property name="skip" value="Admin credentials not provided">
</property>
</properties>
<skipped>
</skipped>
</testcase>
<testcase name="Custom Post Types Admin › should have Streams CPT in admin menu" classname="admin.spec.ts" time="0">
<properties>
<property name="skip" value="Admin credentials not provided">
</property>
</properties>
<skipped>
</skipped>
</testcase>
<testcase name="Custom Post Types Admin › should have Avatars CPT in admin menu" classname="admin.spec.ts" time="0">
<properties>
<property name="skip" value="Admin credentials not provided">
</property>
</properties>
<skipped>
</skipped>
</testcase>
<testcase name="Custom Post Types Admin › should create new game post" classname="admin.spec.ts" time="0">
<properties>
<property name="skip" value="Admin credentials not provided">
</property>
</properties>
<skipped>
</skipped>
</testcase>
</testsuite>
<testsuite name="functionality.spec.ts" timestamp="2025-08-13T13:04:24.933Z" hostname="firefox" tests="5" failures="5" skipped="0" time="0.053" errors="0">
<testcase name="WooCommerce Integration › should navigate to shop page" classname="functionality.spec.ts" time="0.011">
<failure message="functionality.spec.ts:4:7 should navigate to shop page" type="FAILURE">
<![CDATA[  [firefox] › functionality.spec.ts:4:7 › WooCommerce Integration › should navigate to shop page ───

    Error: browserType.launch: Executable doesn't exist at /home/runner/.cache/ms-playwright/firefox-1489/firefox/firefox
    ╔═════════════════════════════════════════════════════════════════════════╗
    ║ Looks like Playwright Test or Playwright was just installed or updated. ║
    ║ Please run the following command to download new browsers:              ║
    ║                                                                         ║
    ║     npx playwright install                                              ║
    ║                                                                         ║
    ║ <3 Playwright Team                                                      ║
    ╚═════════════════════════════════════════════════════════════════════════╝

    Retry #1 ───────────────────────────────────────────────────────────────────────────────────────

    Error: browserType.launch: Executable doesn't exist at /home/runner/.cache/ms-playwright/firefox-1489/firefox/firefox
    ╔═════════════════════════════════════════════════════════════════════════╗
    ║ Looks like Playwright Test or Playwright was just installed or updated. ║
    ║ Please run the following command to download new browsers:              ║
    ║                                                                         ║
    ║     npx playwright install                                              ║
    ║                                                                         ║
    ║ <3 Playwright Team                                                      ║
    ╚═════════════════════════════════════════════════════════════════════════╝

    attachment #1: trace (application/zip) ─────────────────────────────────────────────────────────
    ../../test-results/functionality-WooCommerce--cd5a1-hould-navigate-to-shop-page-firefox-retry1/trace.zip
    Usage:

        npx playwright show-trace ../../test-results/functionality-WooCommerce--cd5a1-hould-navigate-to-shop-page-firefox-retry1/trace.zip

    ────────────────────────────────────────────────────────────────────────────────────────────────

    Retry #2 ───────────────────────────────────────────────────────────────────────────────────────

    Error: browserType.launch: Executable doesn't exist at /home/runner/.cache/ms-playwright/firefox-1489/firefox/firefox
    ╔═════════════════════════════════════════════════════════════════════════╗
    ║ Looks like Playwright Test or Playwright was just installed or updated. ║
    ║ Please run the following command to download new browsers:              ║
    ║                                                                         ║
    ║     npx playwright install                                              ║
    ║                                                                         ║
    ║ <3 Playwright Team                                                      ║
    ╚═════════════════════════════════════════════════════════════════════════╝
]]>
</failure>
<system-out>
<![CDATA[
[[ATTACHMENT|functionality-WooCommerce--cd5a1-hould-navigate-to-shop-page-firefox-retry1/trace.zip]]
]]>
</system-out>
</testcase>
<testcase name="WooCommerce Integration › should display product grid" classname="functionality.spec.ts" time="0.011">
<failure message="functionality.spec.ts:15:7 should display product grid" type="FAILURE">
<![CDATA[  [firefox] › functionality.spec.ts:15:7 › WooCommerce Integration › should display product grid ───

    Error: browserType.launch: Executable doesn't exist at /home/runner/.cache/ms-playwright/firefox-1489/firefox/firefox
    ╔═════════════════════════════════════════════════════════════════════════╗
    ║ Looks like Playwright Test or Playwright was just installed or updated. ║
    ║ Please run the following command to download new browsers:              ║
    ║                                                                         ║
    ║     npx playwright install                                              ║
    ║                                                                         ║
    ║ <3 Playwright Team                                                      ║
    ╚═════════════════════════════════════════════════════════════════════════╝

    Retry #1 ───────────────────────────────────────────────────────────────────────────────────────

    Error: browserType.launch: Executable doesn't exist at /home/runner/.cache/ms-playwright/firefox-1489/firefox/firefox
    ╔═════════════════════════════════════════════════════════════════════════╗
    ║ Looks like Playwright Test or Playwright was just installed or updated. ║
    ║ Please run the following command to download new browsers:              ║
    ║                                                                         ║
    ║     npx playwright install                                              ║
    ║                                                                         ║
    ║ <3 Playwright Team                                                      ║
    ╚═════════════════════════════════════════════════════════════════════════╝

    attachment #1: trace (application/zip) ─────────────────────────────────────────────────────────
    ../../test-results/functionality-WooCommerce--6bc70-should-display-product-grid-firefox-retry1/trace.zip
    Usage:

        npx playwright show-trace ../../test-results/functionality-WooCommerce--6bc70-should-display-product-grid-firefox-retry1/trace.zip

    ────────────────────────────────────────────────────────────────────────────────────────────────

    Retry #2 ───────────────────────────────────────────────────────────────────────────────────────

    Error: browserType.launch: Executable doesn't exist at /home/runner/.cache/ms-playwright/firefox-1489/firefox/firefox
    ╔═════════════════════════════════════════════════════════════════════════╗
    ║ Looks like Playwright Test or Playwright was just installed or updated. ║
    ║ Please run the following command to download new browsers:              ║
    ║                                                                         ║
    ║     npx playwright install                                              ║
    ║                                                                         ║
    ║ <3 Playwright Team                                                      ║
    ╚═════════════════════════════════════════════════════════════════════════╝
]]>
</failure>
<system-out>
<![CDATA[
[[ATTACHMENT|functionality-WooCommerce--6bc70-should-display-product-grid-firefox-retry1/trace.zip]]
]]>
</system-out>
</testcase>
<testcase name="Custom Post Types › should access games archive" classname="functionality.spec.ts" time="0.011">
<failure message="functionality.spec.ts:25:7 should access games archive" type="FAILURE">
<![CDATA[  [firefox] › functionality.spec.ts:25:7 › Custom Post Types › should access games archive ─────────

    Error: browserType.launch: Executable doesn't exist at /home/runner/.cache/ms-playwright/firefox-1489/firefox/firefox
    ╔═════════════════════════════════════════════════════════════════════════╗
    ║ Looks like Playwright Test or Playwright was just installed or updated. ║
    ║ Please run the following command to download new browsers:              ║
    ║                                                                         ║
    ║     npx playwright install                                              ║
    ║                                                                         ║
    ║ <3 Playwright Team                                                      ║
    ╚═════════════════════════════════════════════════════════════════════════╝

    Retry #1 ───────────────────────────────────────────────────────────────────────────────────────

    Error: browserType.launch: Executable doesn't exist at /home/runner/.cache/ms-playwright/firefox-1489/firefox/firefox
    ╔═════════════════════════════════════════════════════════════════════════╗
    ║ Looks like Playwright Test or Playwright was just installed or updated. ║
    ║ Please run the following command to download new browsers:              ║
    ║                                                                         ║
    ║     npx playwright install                                              ║
    ║                                                                         ║
    ║ <3 Playwright Team                                                      ║
    ╚═════════════════════════════════════════════════════════════════════════╝

    attachment #1: trace (application/zip) ─────────────────────────────────────────────────────────
    ../../test-results/functionality-Custom-Post-Types-should-access-games-archive-firefox-retry1/trace.zip
    Usage:

        npx playwright show-trace ../../test-results/functionality-Custom-Post-Types-should-access-games-archive-firefox-retry1/trace.zip

    ────────────────────────────────────────────────────────────────────────────────────────────────

    Retry #2 ───────────────────────────────────────────────────────────────────────────────────────

    Error: browserType.launch: Executable doesn't exist at /home/runner/.cache/ms-playwright/firefox-1489/firefox/firefox
    ╔═════════════════════════════════════════════════════════════════════════╗
    ║ Looks like Playwright Test or Playwright was just installed or updated. ║
    ║ Please run the following command to download new browsers:              ║
    ║                                                                         ║
    ║     npx playwright install                                              ║
    ║                                                                         ║
    ║ <3 Playwright Team                                                      ║
    ╚═════════════════════════════════════════════════════════════════════════╝
]]>
</failure>
<system-out>
<![CDATA[
[[ATTACHMENT|functionality-Custom-Post-Types-should-access-games-archive-firefox-retry1/trace.zip]]
]]>
</system-out>
</testcase>
<testcase name="Custom Post Types › should access VR room page" classname="functionality.spec.ts" time="0.011">
<failure message="functionality.spec.ts:36:7 should access VR room page" type="FAILURE">
<![CDATA[  [firefox] › functionality.spec.ts:36:7 › Custom Post Types › should access VR room page ──────────

    Error: browserType.launch: Executable doesn't exist at /home/runner/.cache/ms-playwright/firefox-1489/firefox/firefox
    ╔═════════════════════════════════════════════════════════════════════════╗
    ║ Looks like Playwright Test or Playwright was just installed or updated. ║
    ║ Please run the following command to download new browsers:              ║
    ║                                                                         ║
    ║     npx playwright install                                              ║
    ║                                                                         ║
    ║ <3 Playwright Team                                                      ║
    ╚═════════════════════════════════════════════════════════════════════════╝

    Retry #1 ───────────────────────────────────────────────────────────────────────────────────────

    Error: browserType.launch: Executable doesn't exist at /home/runner/.cache/ms-playwright/firefox-1489/firefox/firefox
    ╔═════════════════════════════════════════════════════════════════════════╗
    ║ Looks like Playwright Test or Playwright was just installed or updated. ║
    ║ Please run the following command to download new browsers:              ║
    ║                                                                         ║
    ║     npx playwright install                                              ║
    ║                                                                         ║
    ║ <3 Playwright Team                                                      ║
    ╚═════════════════════════════════════════════════════════════════════════╝

    attachment #1: trace (application/zip) ─────────────────────────────────────────────────────────
    ../../test-results/functionality-Custom-Post-Types-should-access-VR-room-page-firefox-retry1/trace.zip
    Usage:

        npx playwright show-trace ../../test-results/functionality-Custom-Post-Types-should-access-VR-room-page-firefox-retry1/trace.zip

    ────────────────────────────────────────────────────────────────────────────────────────────────

    Retry #2 ───────────────────────────────────────────────────────────────────────────────────────

    Error: browserType.launch: Executable doesn't exist at /home/runner/.cache/ms-playwright/firefox-1489/firefox/firefox
    ╔═════════════════════════════════════════════════════════════════════════╗
    ║ Looks like Playwright Test or Playwright was just installed or updated. ║
    ║ Please run the following command to download new browsers:              ║
    ║                                                                         ║
    ║     npx playwright install                                              ║
    ║                                                                         ║
    ║ <3 Playwright Team                                                      ║
    ╚═════════════════════════════════════════════════════════════════════════╝
]]>
</failure>
<system-out>
<![CDATA[
[[ATTACHMENT|functionality-Custom-Post-Types-should-access-VR-room-page-firefox-retry1/trace.zip]]
]]>
</system-out>
</testcase>
<testcase name="Custom Post Types › should access YouTune Garage" classname="functionality.spec.ts" time="0.009">
<failure message="functionality.spec.ts:47:7 should access YouTune Garage" type="FAILURE">
<![CDATA[  [firefox] › functionality.spec.ts:47:7 › Custom Post Types › should access YouTune Garage ────────

    Error: browserType.launch: Executable doesn't exist at /home/runner/.cache/ms-playwright/firefox-1489/firefox/firefox
    ╔═════════════════════════════════════════════════════════════════════════╗
    ║ Looks like Playwright Test or Playwright was just installed or updated. ║
    ║ Please run the following command to download new browsers:              ║
    ║                                                                         ║
    ║     npx playwright install                                              ║
    ║                                                                         ║
    ║ <3 Playwright Team                                                      ║
    ╚═════════════════════════════════════════════════════════════════════════╝

    Retry #1 ───────────────────────────────────────────────────────────────────────────────────────

    Error: browserType.launch: Executable doesn't exist at /home/runner/.cache/ms-playwright/firefox-1489/firefox/firefox
    ╔═════════════════════════════════════════════════════════════════════════╗
    ║ Looks like Playwright Test or Playwright was just installed or updated. ║
    ║ Please run the following command to download new browsers:              ║
    ║                                                                         ║
    ║     npx playwright install                                              ║
    ║                                                                         ║
    ║ <3 Playwright Team                                                      ║
    ╚═════════════════════════════════════════════════════════════════════════╝

    attachment #1: trace (application/zip) ─────────────────────────────────────────────────────────
    ../../test-results/functionality-Custom-Post-Types-should-access-YouTune-Garage-firefox-retry1/trace.zip
    Usage:

        npx playwright show-trace ../../test-results/functionality-Custom-Post-Types-should-access-YouTune-Garage-firefox-retry1/trace.zip

    ────────────────────────────────────────────────────────────────────────────────────────────────

    Retry #2 ───────────────────────────────────────────────────────────────────────────────────────

    Error: browserType.launch: Executable doesn't exist at /home/runner/.cache/ms-playwright/firefox-1489/firefox/firefox
    ╔═════════════════════════════════════════════════════════════════════════╗
    ║ Looks like Playwright Test or Playwright was just installed or updated. ║
    ║ Please run the following command to download new browsers:              ║
    ║                                                                         ║
    ║     npx playwright install                                              ║
    ║                                                                         ║
    ║ <3 Playwright Team                                                      ║
    ╚═════════════════════════════════════════════════════════════════════════╝
]]>
</failure>
<system-out>
<![CDATA[
[[ATTACHMENT|functionality-Custom-Post-Types-should-access-YouTune-Garage-firefox-retry1/trace.zip]]
]]>
</system-out>
</testcase>
</testsuite>
<testsuite name="homepage.spec.ts" timestamp="2025-08-13T13:04:24.933Z" hostname="firefox" tests="6" failures="6" skipped="0" time="0.063" errors="0">
<testcase name="YouTuneAI Homepage › should load homepage successfully" classname="homepage.spec.ts" time="0.009">
<failure message="homepage.spec.ts:4:7 should load homepage successfully" type="FAILURE">
<![CDATA[  [firefox] › homepage.spec.ts:4:7 › YouTuneAI Homepage › should load homepage successfully ────────

    Error: browserType.launch: Executable doesn't exist at /home/runner/.cache/ms-playwright/firefox-1489/firefox/firefox
    ╔═════════════════════════════════════════════════════════════════════════╗
    ║ Looks like Playwright Test or Playwright was just installed or updated. ║
    ║ Please run the following command to download new browsers:              ║
    ║                                                                         ║
    ║     npx playwright install                                              ║
    ║                                                                         ║
    ║ <3 Playwright Team                                                      ║
    ╚═════════════════════════════════════════════════════════════════════════╝

    Retry #1 ───────────────────────────────────────────────────────────────────────────────────────

    Error: browserType.launch: Executable doesn't exist at /home/runner/.cache/ms-playwright/firefox-1489/firefox/firefox
    ╔═════════════════════════════════════════════════════════════════════════╗
    ║ Looks like Playwright Test or Playwright was just installed or updated. ║
    ║ Please run the following command to download new browsers:              ║
    ║                                                                         ║
    ║     npx playwright install                                              ║
    ║                                                                         ║
    ║ <3 Playwright Team                                                      ║
    ╚═════════════════════════════════════════════════════════════════════════╝

    attachment #1: trace (application/zip) ─────────────────────────────────────────────────────────
    ../../test-results/homepage-YouTuneAI-Homepag-d7ea7--load-homepage-successfully-firefox-retry1/trace.zip
    Usage:

        npx playwright show-trace ../../test-results/homepage-YouTuneAI-Homepag-d7ea7--load-homepage-successfully-firefox-retry1/trace.zip

    ────────────────────────────────────────────────────────────────────────────────────────────────

    Retry #2 ───────────────────────────────────────────────────────────────────────────────────────

    Error: browserType.launch: Executable doesn't exist at /home/runner/.cache/ms-playwright/firefox-1489/firefox/firefox
    ╔═════════════════════════════════════════════════════════════════════════╗
    ║ Looks like Playwright Test or Playwright was just installed or updated. ║
    ║ Please run the following command to download new browsers:              ║
    ║                                                                         ║
    ║     npx playwright install                                              ║
    ║                                                                         ║
    ║ <3 Playwright Team                                                      ║
    ╚═════════════════════════════════════════════════════════════════════════╝
]]>
</failure>
<system-out>
<![CDATA[
[[ATTACHMENT|homepage-YouTuneAI-Homepag-d7ea7--load-homepage-successfully-firefox-retry1/trace.zip]]
]]>
</system-out>
</testcase>
<testcase name="YouTuneAI Homepage › should have working navigation menu" classname="homepage.spec.ts" time="0.011">
<failure message="homepage.spec.ts:19:7 should have working navigation menu" type="FAILURE">
<![CDATA[  [firefox] › homepage.spec.ts:19:7 › YouTuneAI Homepage › should have working navigation menu ─────

    Error: browserType.launch: Executable doesn't exist at /home/runner/.cache/ms-playwright/firefox-1489/firefox/firefox
    ╔═════════════════════════════════════════════════════════════════════════╗
    ║ Looks like Playwright Test or Playwright was just installed or updated. ║
    ║ Please run the following command to download new browsers:              ║
    ║                                                                         ║
    ║     npx playwright install                                              ║
    ║                                                                         ║
    ║ <3 Playwright Team                                                      ║
    ╚═════════════════════════════════════════════════════════════════════════╝

    Retry #1 ───────────────────────────────────────────────────────────────────────────────────────

    Error: browserType.launch: Executable doesn't exist at /home/runner/.cache/ms-playwright/firefox-1489/firefox/firefox
    ╔═════════════════════════════════════════════════════════════════════════╗
    ║ Looks like Playwright Test or Playwright was just installed or updated. ║
    ║ Please run the following command to download new browsers:              ║
    ║                                                                         ║
    ║     npx playwright install                                              ║
    ║                                                                         ║
    ║ <3 Playwright Team                                                      ║
    ╚═════════════════════════════════════════════════════════════════════════╝

    attachment #1: trace (application/zip) ─────────────────────────────────────────────────────────
    ../../test-results/homepage-YouTuneAI-Homepag-54a51-ave-working-navigation-menu-firefox-retry1/trace.zip
    Usage:

        npx playwright show-trace ../../test-results/homepage-YouTuneAI-Homepag-54a51-ave-working-navigation-menu-firefox-retry1/trace.zip

    ────────────────────────────────────────────────────────────────────────────────────────────────

    Retry #2 ───────────────────────────────────────────────────────────────────────────────────────

    Error: browserType.launch: Executable doesn't exist at /home/runner/.cache/ms-playwright/firefox-1489/firefox/firefox
    ╔═════════════════════════════════════════════════════════════════════════╗
    ║ Looks like Playwright Test or Playwright was just installed or updated. ║
    ║ Please run the following command to download new browsers:              ║
    ║                                                                         ║
    ║     npx playwright install                                              ║
    ║                                                                         ║
    ║ <3 Playwright Team                                                      ║
    ╚═════════════════════════════════════════════════════════════════════════╝
]]>
</failure>
<system-out>
<![CDATA[
[[ATTACHMENT|homepage-YouTuneAI-Homepag-54a51-ave-working-navigation-menu-firefox-retry1/trace.zip]]
]]>
</system-out>
</testcase>
<testcase name="Avatar Chat System › should display avatar chat bubble" classname="homepage.spec.ts" time="0.01">
<failure message="homepage.spec.ts:36:7 should display avatar chat bubble" type="FAILURE">
<![CDATA[  [firefox] › homepage.spec.ts:36:7 › Avatar Chat System › should display avatar chat bubble ───────

    Error: browserType.launch: Executable doesn't exist at /home/runner/.cache/ms-playwright/firefox-1489/firefox/firefox
    ╔═════════════════════════════════════════════════════════════════════════╗
    ║ Looks like Playwright Test or Playwright was just installed or updated. ║
    ║ Please run the following command to download new browsers:              ║
    ║                                                                         ║
    ║     npx playwright install                                              ║
    ║                                                                         ║
    ║ <3 Playwright Team                                                      ║
    ╚═════════════════════════════════════════════════════════════════════════╝

    Retry #1 ───────────────────────────────────────────────────────────────────────────────────────

    Error: browserType.launch: Executable doesn't exist at /home/runner/.cache/ms-playwright/firefox-1489/firefox/firefox
    ╔═════════════════════════════════════════════════════════════════════════╗
    ║ Looks like Playwright Test or Playwright was just installed or updated. ║
    ║ Please run the following command to download new browsers:              ║
    ║                                                                         ║
    ║     npx playwright install                                              ║
    ║                                                                         ║
    ║ <3 Playwright Team                                                      ║
    ╚═════════════════════════════════════════════════════════════════════════╝

    attachment #1: trace (application/zip) ─────────────────────────────────────────────────────────
    ../../test-results/homepage-Avatar-Chat-Syste-9a152--display-avatar-chat-bubble-firefox-retry1/trace.zip
    Usage:

        npx playwright show-trace ../../test-results/homepage-Avatar-Chat-Syste-9a152--display-avatar-chat-bubble-firefox-retry1/trace.zip

    ────────────────────────────────────────────────────────────────────────────────────────────────

    Retry #2 ───────────────────────────────────────────────────────────────────────────────────────

    Error: browserType.launch: Executable doesn't exist at /home/runner/.cache/ms-playwright/firefox-1489/firefox/firefox
    ╔═════════════════════════════════════════════════════════════════════════╗
    ║ Looks like Playwright Test or Playwright was just installed or updated. ║
    ║ Please run the following command to download new browsers:              ║
    ║                                                                         ║
    ║     npx playwright install                                              ║
    ║                                                                         ║
    ║ <3 Playwright Team                                                      ║
    ╚═════════════════════════════════════════════════════════════════════════╝
]]>
</failure>
<system-out>
<![CDATA[
[[ATTACHMENT|homepage-Avatar-Chat-Syste-9a152--display-avatar-chat-bubble-firefox-retry1/trace.zip]]
]]>
</system-out>
</testcase>
<testcase name="Avatar Chat System › should open chat interface on click" classname="homepage.spec.ts" time="0.011">
<failure message="homepage.spec.ts:44:7 should open chat interface on click" type="FAILURE">
<![CDATA[  [firefox] › homepage.spec.ts:44:7 › Avatar Chat System › should open chat interface on click ─────

    Error: browserType.launch: Executable doesn't exist at /home/runner/.cache/ms-playwright/firefox-1489/firefox/firefox
    ╔═════════════════════════════════════════════════════════════════════════╗
    ║ Looks like Playwright Test or Playwright was just installed or updated. ║
    ║ Please run the following command to download new browsers:              ║
    ║                                                                         ║
    ║     npx playwright install                                              ║
    ║                                                                         ║
    ║ <3 Playwright Team                                                      ║
    ╚═════════════════════════════════════════════════════════════════════════╝

    Retry #1 ───────────────────────────────────────────────────────────────────────────────────────

    Error: browserType.launch: Executable doesn't exist at /home/runner/.cache/ms-playwright/firefox-1489/firefox/firefox
    ╔═════════════════════════════════════════════════════════════════════════╗
    ║ Looks like Playwright Test or Playwright was just installed or updated. ║
    ║ Please run the following command to download new browsers:              ║
    ║                                                                         ║
    ║     npx playwright install                                              ║
    ║                                                                         ║
    ║ <3 Playwright Team                                                      ║
    ╚═════════════════════════════════════════════════════════════════════════╝

    attachment #1: trace (application/zip) ─────────────────────────────────────────────────────────
    ../../test-results/homepage-Avatar-Chat-Syste-82080-pen-chat-interface-on-click-firefox-retry1/trace.zip
    Usage:

        npx playwright show-trace ../../test-results/homepage-Avatar-Chat-Syste-82080-pen-chat-interface-on-click-firefox-retry1/trace.zip

    ────────────────────────────────────────────────────────────────────────────────────────────────

    Retry #2 ───────────────────────────────────────────────────────────────────────────────────────

    Error: browserType.launch: Executable doesn't exist at /home/runner/.cache/ms-playwright/firefox-1489/firefox/firefox
    ╔═════════════════════════════════════════════════════════════════════════╗
    ║ Looks like Playwright Test or Playwright was just installed or updated. ║
    ║ Please run the following command to download new browsers:              ║
    ║                                                                         ║
    ║     npx playwright install                                              ║
    ║                                                                         ║
    ║ <3 Playwright Team                                                      ║
    ╚═════════════════════════════════════════════════════════════════════════╝
]]>
</failure>
<system-out>
<![CDATA[
[[ATTACHMENT|homepage-Avatar-Chat-Syste-82080-pen-chat-interface-on-click-firefox-retry1/trace.zip]]
]]>
</system-out>
</testcase>
<testcase name="Performance › should meet basic performance requirements" classname="homepage.spec.ts" time="0.011">
<failure message="homepage.spec.ts:64:7 should meet basic performance requirements" type="FAILURE">
<![CDATA[  [firefox] › homepage.spec.ts:64:7 › Performance › should meet basic performance requirements ─────

    Error: browserType.launch: Executable doesn't exist at /home/runner/.cache/ms-playwright/firefox-1489/firefox/firefox
    ╔═════════════════════════════════════════════════════════════════════════╗
    ║ Looks like Playwright Test or Playwright was just installed or updated. ║
    ║ Please run the following command to download new browsers:              ║
    ║                                                                         ║
    ║     npx playwright install                                              ║
    ║                                                                         ║
    ║ <3 Playwright Team                                                      ║
    ╚═════════════════════════════════════════════════════════════════════════╝

    Retry #1 ───────────────────────────────────────────────────────────────────────────────────────

    Error: browserType.launch: Executable doesn't exist at /home/runner/.cache/ms-playwright/firefox-1489/firefox/firefox
    ╔═════════════════════════════════════════════════════════════════════════╗
    ║ Looks like Playwright Test or Playwright was just installed or updated. ║
    ║ Please run the following command to download new browsers:              ║
    ║                                                                         ║
    ║     npx playwright install                                              ║
    ║                                                                         ║
    ║ <3 Playwright Team                                                      ║
    ╚═════════════════════════════════════════════════════════════════════════╝

    attachment #1: trace (application/zip) ─────────────────────────────────────────────────────────
    ../../test-results/homepage-Performance-shoul-a6401-ic-performance-requirements-firefox-retry1/trace.zip
    Usage:

        npx playwright show-trace ../../test-results/homepage-Performance-shoul-a6401-ic-performance-requirements-firefox-retry1/trace.zip

    ────────────────────────────────────────────────────────────────────────────────────────────────

    Retry #2 ───────────────────────────────────────────────────────────────────────────────────────

    Error: browserType.launch: Executable doesn't exist at /home/runner/.cache/ms-playwright/firefox-1489/firefox/firefox
    ╔═════════════════════════════════════════════════════════════════════════╗
    ║ Looks like Playwright Test or Playwright was just installed or updated. ║
    ║ Please run the following command to download new browsers:              ║
    ║                                                                         ║
    ║     npx playwright install                                              ║
    ║                                                                         ║
    ║ <3 Playwright Team                                                      ║
    ╚═════════════════════════════════════════════════════════════════════════╝
]]>
</failure>
<system-out>
<![CDATA[
[[ATTACHMENT|homepage-Performance-shoul-a6401-ic-performance-requirements-firefox-retry1/trace.zip]]
]]>
</system-out>
</testcase>
<testcase name="Performance › should not have console errors" classname="homepage.spec.ts" time="0.011">
<failure message="homepage.spec.ts:80:7 should not have console errors" type="FAILURE">
<![CDATA[  [firefox] › homepage.spec.ts:80:7 › Performance › should not have console errors ─────────────────

    Error: browserType.launch: Executable doesn't exist at /home/runner/.cache/ms-playwright/firefox-1489/firefox/firefox
    ╔═════════════════════════════════════════════════════════════════════════╗
    ║ Looks like Playwright Test or Playwright was just installed or updated. ║
    ║ Please run the following command to download new browsers:              ║
    ║                                                                         ║
    ║     npx playwright install                                              ║
    ║                                                                         ║
    ║ <3 Playwright Team                                                      ║
    ╚═════════════════════════════════════════════════════════════════════════╝

    Retry #1 ───────────────────────────────────────────────────────────────────────────────────────

    Error: browserType.launch: Executable doesn't exist at /home/runner/.cache/ms-playwright/firefox-1489/firefox/firefox
    ╔═════════════════════════════════════════════════════════════════════════╗
    ║ Looks like Playwright Test or Playwright was just installed or updated. ║
    ║ Please run the following command to download new browsers:              ║
    ║                                                                         ║
    ║     npx playwright install                                              ║
    ║                                                                         ║
    ║ <3 Playwright Team                                                      ║
    ╚═════════════════════════════════════════════════════════════════════════╝

    attachment #1: trace (application/zip) ─────────────────────────────────────────────────────────
    ../../test-results/homepage-Performance-should-not-have-console-errors-firefox-retry1/trace.zip
    Usage:

[...]
    ║                                                                         ║
    ║     npx playwright install                                              ║
    ║                                                                         ║
    ║ <3 Playwright Team                                                      ║
    ╚═════════════════════════════════════════════════════════════════════════╝

    Retry #1 ───────────────────────────────────────────────────────────────────────────────────────

    Error: browserType.launch: Executable doesn't exist at /home/runner/.cache/ms-playwright/webkit-2191/pw_run.sh
    ╔═════════════════════════════════════════════════════════════════════════╗
    ║ Looks like Playwright Test or Playwright was just installed or updated. ║
    ║ Please run the following command to download new browsers:              ║
    ║                                                                         ║
    ║     npx playwright install                                              ║
    ║                                                                         ║
    ║ <3 Playwright Team                                                      ║
    ╚═════════════════════════════════════════════════════════════════════════╝

    attachment #1: trace (application/zip) ─────────────────────────────────────────────────────────
    ../../test-results/homepage-YouTuneAI-Homepag-d7ea7--load-homepage-successfully-Mobile-Safari-retry1/trace.zip
    Usage:

        npx playwright show-trace ../../test-results/homepage-YouTuneAI-Homepag-d7ea7--load-homepage-successfully-Mobile-Safari-retry1/trace.zip

    ────────────────────────────────────────────────────────────────────────────────────────────────

    Retry #2 ───────────────────────────────────────────────────────────────────────────────────────

    Error: browserType.launch: Executable doesn't exist at /home/runner/.cache/ms-playwright/webkit-2191/pw_run.sh
    ╔═════════════════════════════════════════════════════════════════════════╗
    ║ Looks like Playwright Test or Playwright was just installed or updated. ║
    ║ Please run the following command to download new browsers:              ║
    ║                                                                         ║
    ║     npx playwright install                                              ║
    ║                                                                         ║
    ║ <3 Playwright Team                                                      ║
    ╚═════════════════════════════════════════════════════════════════════════╝
]]>
</failure>
<system-out>
<![CDATA[
[[ATTACHMENT|homepage-YouTuneAI-Homepag-d7ea7--load-homepage-successfully-Mobile-Safari-retry1/trace.zip]]
]]>
</system-out>
</testcase>
<testcase name="YouTuneAI Homepage › should have working navigation menu" classname="homepage.spec.ts" time="0.01">
<failure message="homepage.spec.ts:19:7 should have working navigation menu" type="FAILURE">
<![CDATA[  [Mobile Safari] › homepage.spec.ts:19:7 › YouTuneAI Homepage › should have working navigation menu 

    Error: browserType.launch: Executable doesn't exist at /home/runner/.cache/ms-playwright/webkit-2191/pw_run.sh
    ╔═════════════════════════════════════════════════════════════════════════╗
    ║ Looks like Playwright Test or Playwright was just installed or updated. ║
    ║ Please run the following command to download new browsers:              ║
    ║                                                                         ║
    ║     npx playwright install                                              ║
    ║                                                                         ║
    ║ <3 Playwright Team                                                      ║
    ╚═════════════════════════════════════════════════════════════════════════╝

    Retry #1 ───────────────────────────────────────────────────────────────────────────────────────

    Error: browserType.launch: Executable doesn't exist at /home/runner/.cache/ms-playwright/webkit-2191/pw_run.sh
    ╔═════════════════════════════════════════════════════════════════════════╗
    ║ Looks like Playwright Test or Playwright was just installed or updated. ║
    ║ Please run the following command to download new browsers:              ║
    ║                                                                         ║
    ║     npx playwright install                                              ║
    ║                                                                         ║
    ║ <3 Playwright Team                                                      ║
    ╚═════════════════════════════════════════════════════════════════════════╝

    attachment #1: trace (application/zip) ─────────────────────────────────────────────────────────
    ../../test-results/homepage-YouTuneAI-Homepag-54a51-ave-working-navigation-menu-Mobile-Safari-retry1/trace.zip
    Usage:

        npx playwright show-trace ../../test-results/homepage-YouTuneAI-Homepag-54a51-ave-working-navigation-menu-Mobile-Safari-retry1/trace.zip

    ────────────────────────────────────────────────────────────────────────────────────────────────

    Retry #2 ───────────────────────────────────────────────────────────────────────────────────────

    Error: browserType.launch: Executable doesn't exist at /home/runner/.cache/ms-playwright/webkit-2191/pw_run.sh
    ╔═════════════════════════════════════════════════════════════════════════╗
    ║ Looks like Playwright Test or Playwright was just installed or updated. ║
    ║ Please run the following command to download new browsers:              ║
    ║                                                                         ║
    ║     npx playwright install                                              ║
    ║                                                                         ║
    ║ <3 Playwright Team                                                      ║
    ╚═════════════════════════════════════════════════════════════════════════╝
]]>
</failure>
<system-out>
<![CDATA[
[[ATTACHMENT|homepage-YouTuneAI-Homepag-54a51-ave-working-navigation-menu-Mobile-Safari-retry1/trace.zip]]
]]>
</system-out>
</testcase>
<testcase name="Avatar Chat System › should display avatar chat bubble" classname="homepage.spec.ts" time="0.011">
<failure message="homepage.spec.ts:36:7 should display avatar chat bubble" type="FAILURE">
<![CDATA[  [Mobile Safari] › homepage.spec.ts:36:7 › Avatar Chat System › should display avatar chat bubble ─

    Error: browserType.launch: Executable doesn't exist at /home/runner/.cache/ms-playwright/webkit-2191/pw_run.sh
    ╔═════════════════════════════════════════════════════════════════════════╗
    ║ Looks like Playwright Test or Playwright was just installed or updated. ║
    ║ Please run the following command to download new browsers:              ║
    ║                                                                         ║
    ║     npx playwright install                                              ║
    ║                                                                         ║
    ║ <3 Playwright Team                                                      ║
    ╚═════════════════════════════════════════════════════════════════════════╝

    Retry #1 ───────────────────────────────────────────────────────────────────────────────────────

    Error: browserType.launch: Executable doesn't exist at /home/runner/.cache/ms-playwright/webkit-2191/pw_run.sh
    ╔═════════════════════════════════════════════════════════════════════════╗
    ║ Looks like Playwright Test or Playwright was just installed or updated. ║
    ║ Please run the following command to download new browsers:              ║
    ║                                                                         ║
    ║     npx playwright install                                              ║
    ║                                                                         ║
    ║ <3 Playwright Team                                                      ║
    ╚═════════════════════════════════════════════════════════════════════════╝

    attachment #1: trace (application/zip) ─────────────────────────────────────────────────────────
    ../../test-results/homepage-Avatar-Chat-Syste-9a152--display-avatar-chat-bubble-Mobile-Safari-retry1/trace.zip
    Usage:

        npx playwright show-trace ../../test-results/homepage-Avatar-Chat-Syste-9a152--display-avatar-chat-bubble-Mobile-Safari-retry1/trace.zip

    ────────────────────────────────────────────────────────────────────────────────────────────────

    Retry #2 ───────────────────────────────────────────────────────────────────────────────────────

    Error: browserType.launch: Executable doesn't exist at /home/runner/.cache/ms-playwright/webkit-2191/pw_run.sh
    ╔═════════════════════════════════════════════════════════════════════════╗
    ║ Looks like Playwright Test or Playwright was just installed or updated. ║
    ║ Please run the following command to download new browsers:              ║
    ║                                                                         ║
    ║     npx playwright install                                              ║
    ║                                                                         ║
    ║ <3 Playwright Team                                                      ║
    ╚═════════════════════════════════════════════════════════════════════════╝
]]>
</failure>
<system-out>
<![CDATA[
[[ATTACHMENT|homepage-Avatar-Chat-Syste-9a152--display-avatar-chat-bubble-Mobile-Safari-retry1/trace.zip]]
]]>
</system-out>
</testcase>
<testcase name="Avatar Chat System › should open chat interface on click" classname="homepage.spec.ts" time="0.011">
<failure message="homepage.spec.ts:44:7 should open chat interface on click" type="FAILURE">
<![CDATA[  [Mobile Safari] › homepage.spec.ts:44:7 › Avatar Chat System › should open chat interface on click 

    Error: browserType.launch: Executable doesn't exist at /home/runner/.cache/ms-playwright/webkit-2191/pw_run.sh
    ╔═════════════════════════════════════════════════════════════════════════╗
    ║ Looks like Playwright Test or Playwright was just installed or updated. ║
    ║ Please run the following command to download new browsers:              ║
    ║                                                                         ║
    ║     npx playwright install                                              ║
    ║                                                                         ║
    ║ <3 Playwright Team                                                      ║
    ╚═════════════════════════════════════════════════════════════════════════╝

    Retry #1 ───────────────────────────────────────────────────────────────────────────────────────

    Error: browserType.launch: Executable doesn't exist at /home/runner/.cache/ms-playwright/webkit-2191/pw_run.sh
    ╔═════════════════════════════════════════════════════════════════════════╗
    ║ Looks like Playwright Test or Playwright was just installed or updated. ║
    ║ Please run the following command to download new browsers:              ║
    ║                                                                         ║
    ║     npx playwright install                                              ║
    ║                                                                         ║
    ║ <3 Playwright Team                                                      ║
    ╚═════════════════════════════════════════════════════════════════════════╝

    attachment #1: trace (application/zip) ─────────────────────────────────────────────────────────
    ../../test-results/homepage-Avatar-Chat-Syste-82080-pen-chat-interface-on-click-Mobile-Safari-retry1/trace.zip
    Usage:

        npx playwright show-trace ../../test-results/homepage-Avatar-Chat-Syste-82080-pen-chat-interface-on-click-Mobile-Safari-retry1/trace.zip

    ────────────────────────────────────────────────────────────────────────────────────────────────

    Retry #2 ───────────────────────────────────────────────────────────────────────────────────────

    Error: browserType.launch: Executable doesn't exist at /home/runner/.cache/ms-playwright/webkit-2191/pw_run.sh
    ╔═════════════════════════════════════════════════════════════════════════╗
    ║ Looks like Playwright Test or Playwright was just installed or updated. ║
    ║ Please run the following command to download new browsers:              ║
    ║                                                                         ║
    ║     npx playwright install                                              ║
    ║                                                                         ║
    ║ <3 Playwright Team                                                      ║
    ╚═════════════════════════════════════════════════════════════════════════╝
]]>
</failure>
<system-out>
<![CDATA[
[[ATTACHMENT|homepage-Avatar-Chat-Syste-82080-pen-chat-interface-on-click-Mobile-Safari-retry1/trace.zip]]
]]>
</system-out>
</testcase>
<testcase name="Performance › should meet basic performance requirements" classname="homepage.spec.ts" time="0.01">
<failure message="homepage.spec.ts:64:7 should meet basic performance requirements" type="FAILURE">
<![CDATA[  [Mobile Safari] › homepage.spec.ts:64:7 › Performance › should meet basic performance requirements 

    Error: browserType.launch: Executable doesn't exist at /home/runner/.cache/ms-playwright/webkit-2191/pw_run.sh
    ╔═════════════════════════════════════════════════════════════════════════╗
    ║ Looks like Playwright Test or Playwright was just installed or updated. ║
    ║ Please run the following command to download new browsers:              ║
    ║                                                                         ║
    ║     npx playwright install                                              ║
    ║                                                                         ║
    ║ <3 Playwright Team                                                      ║
    ╚═════════════════════════════════════════════════════════════════════════╝

    Retry #1 ───────────────────────────────────────────────────────────────────────────────────────

    Error: browserType.launch: Executable doesn't exist at /home/runner/.cache/ms-playwright/webkit-2191/pw_run.sh
    ╔═════════════════════════════════════════════════════════════════════════╗
    ║ Looks like Playwright Test or Playwright was just installed or updated. ║
    ║ Please run the following command to download new browsers:              ║
    ║                                                                         ║
    ║     npx playwright install                                              ║
    ║                                                                         ║
    ║ <3 Playwright Team                                                      ║
    ╚═════════════════════════════════════════════════════════════════════════╝

    attachment #1: trace (application/zip) ─────────────────────────────────────────────────────────
    ../../test-results/homepage-Performance-shoul-a6401-ic-performance-requirements-Mobile-Safari-retry1/trace.zip
    Usage:

        npx playwright show-trace ../../test-results/homepage-Performance-shoul-a6401-ic-performance-requirements-Mobile-Safari-retry1/trace.zip

    ────────────────────────────────────────────────────────────────────────────────────────────────

    Retry #2 ───────────────────────────────────────────────────────────────────────────────────────

    Error: browserType.launch: Executable doesn't exist at /home/runner/.cache/ms-playwright/webkit-2191/pw_run.sh
    ╔═════════════════════════════════════════════════════════════════════════╗
    ║ Looks like Playwright Test or Playwright was just installed or updated. ║
    ║ Please run the following command to download new browsers:              ║
    ║                                                                         ║
    ║     npx playwright install                                              ║
    ║                                                                         ║
    ║ <3 Playwright Team                                                      ║
    ╚═════════════════════════════════════════════════════════════════════════╝
]]>
</failure>
<system-out>
<![CDATA[
[[ATTACHMENT|homepage-Performance-shoul-a6401-ic-performance-requirements-Mobile-Safari-retry1/trace.zip]]
]]>
</system-out>
</testcase>
<testcase name="Performance › should not have console errors" classname="homepage.spec.ts" time="0.011">
<failure message="homepage.spec.ts:80:7 should not have console errors" type="FAILURE">
<![CDATA[  [Mobile Safari] › homepage.spec.ts:80:7 › Performance › should not have console errors ───────────

    Error: browserType.launch: Executable doesn't exist at /home/runner/.cache/ms-playwright/webkit-2191/pw_run.sh
    ╔═════════════════════════════════════════════════════════════════════════╗
    ║ Looks like Playwright Test or Playwright was just installed or updated. ║
    ║ Please run the following command to download new browsers:              ║
    ║                                                                         ║
    ║     npx playwright install                                              ║
    ║                                                                         ║
    ║ <3 Playwright Team                                                      ║
    ╚═════════════════════════════════════════════════════════════════════════╝

    Retry #1 ───────────────────────────────────────────────────────────────────────────────────────

    Error: browserType.launch: Executable doesn't exist at /home/runner/.cache/ms-playwright/webkit-2191/pw_run.sh
    ╔═════════════════════════════════════════════════════════════════════════╗
    ║ Looks like Playwright Test or Playwright was just installed or updated. ║
    ║ Please run the following command to download new browsers:              ║
    ║                                                                         ║
    ║     npx playwright install                                              ║
    ║                                                                         ║
    ║ <3 Playwright Team                                                      ║
    ╚═════════════════════════════════════════════════════════════════════════╝

    attachment #1: trace (application/zip) ─────────────────────────────────────────────────────────
    ../../test-results/homepage-Performance-should-not-have-console-errors-Mobile-Safari-retry1/trace.zip
    Usage:

        npx playwright show-trace ../../test-results/homepage-Performance-should-not-have-console-errors-Mobile-Safari-retry1/trace.zip

    ────────────────────────────────────────────────────────────────────────────────────────────────

    Retry #2 ───────────────────────────────────────────────────────────────────────────────────────

    Error: browserType.launch: Executable doesn't exist at /home/runner/.cache/ms-playwright/webkit-2191/pw_run.sh
    ╔═════════════════════════════════════════════════════════════════════════╗
    ║ Looks like Playwright Test or Playwright was just installed or updated. ║
    ║ Please run the following command to download new browsers:              ║
    ║                                                                         ║
    ║     npx playwright install                                              ║
    ║                                                                         ║
    ║ <3 Playwright Team                                                      ║
    ╚═════════════════════════════════════════════════════════════════════════╝
]]>
</failure>
<system-out>
<![CDATA[
[[ATTACHMENT|homepage-Performance-should-not-have-console-errors-Mobile-Safari-retry1/trace.zip]]
]]>
</system-out>
</testcase>
</testsuite>
</testsuites>